{"level":"info","message":"Room created: Q3WR8S8I8M6Z67WRT7CD","timestamp":"2024-11-17T10:15:20.770Z"}
{"level":"info","message":"Room created: WJLVNYS0E9SOZ9M7WGD8","timestamp":"2024-11-17T10:15:55.239Z"}
{"level":"info","message":"Room created: W2ROGX30ZWYTHLMR27GY","timestamp":"2024-11-28T14:14:23.223Z"}
{"level":"info","message":"Room created: 3N6ERCGL0OU40H0ZRIP3","timestamp":"2024-11-28T14:14:29.440Z"}
{"level":"info","message":"User dsadsadsada joined room W2ROGX30ZWYTHLMR27GY","timestamp":"2024-11-28T14:14:42.120Z"}
{"level":"info","message":"User ghghhg joined room W2ROGX30ZWYTHLMR27GY","timestamp":"2024-11-28T14:18:02.250Z"}
{"level":"info","message":"User ejqnjewqjeqew joined room W2ROGX30ZWYTHLMR27GY","timestamp":"2024-11-28T14:19:39.559Z"}
{"level":"info","message":"User ewqewqeq joined room W2ROGX30ZWYTHLMR27GY","timestamp":"2024-11-28T14:20:06.018Z"}
{"level":"info","message":"Room created: U1NUDX1KSV1FXHRY4SVB","timestamp":"2024-11-28T14:30:17.226Z"}
{"level":"info","message":"User eqwewqeq joined room U1NUDX1KSV1FXHRY4SVB","timestamp":"2024-11-28T14:30:52.768Z"}
{"level":"info","message":"Room created: 76AAZMLKTBL6DJTHV3SZ","timestamp":"2024-11-28T14:36:09.990Z"}
{"level":"info","message":"User 32131 joined room 76AAZMLKTBL6DJTHV3SZ","timestamp":"2024-11-28T14:38:37.572Z"}
{"level":"info","message":"User 32132131 joined room 76AAZMLKTBL6DJTHV3SZ","timestamp":"2024-11-28T14:40:32.205Z"}
{"level":"info","message":"User 32131 left room 76AAZMLKTBL6DJTHV3SZ","timestamp":"2024-11-28T14:43:09.175Z"}
{"level":"info","message":"Room created: IJ8VW879LRLHJJSZ2SZC","timestamp":"2024-11-28T14:43:18.299Z"}
{"level":"info","message":"User 32132131 left room 76AAZMLKTBL6DJTHV3SZ","timestamp":"2024-11-28T14:45:41.083Z"}
{"level":"info","message":"User dsa joined room IJ8VW879LRLHJJSZ2SZC","timestamp":"2024-11-28T14:45:49.948Z"}
{"level":"info","message":"Room created: G59K6AOWE5KFEA7Q9GUD","timestamp":"2024-11-28T14:50:14.829Z"}
{"level":"info","message":"User dsadsa joined room G59K6AOWE5KFEA7Q9GUD","timestamp":"2024-11-28T14:54:20.088Z"}
{"level":"info","message":"Room created: BBD9TN6TESVT072VXIRI","timestamp":"2024-11-28T15:02:36.879Z"}
{"level":"info","message":"User dsadsa joined room BBD9TN6TESVT072VXIRI","timestamp":"2024-11-28T15:08:21.255Z"}
{"level":"info","message":"User dsadsa left room BBD9TN6TESVT072VXIRI","timestamp":"2024-11-28T15:08:32.157Z"}
{"level":"info","message":"User 321321323132131 joined room BBD9TN6TESVT072VXIRI","timestamp":"2024-11-28T15:08:37.575Z"}
{"level":"info","message":"User 32132131132131 left room BBD9TN6TESVT072VXIRI","timestamp":"2024-11-28T15:17:06.259Z"}
{"level":"info","message":"Room created: L6IGWF3E2YNALNZO73RP","timestamp":"2024-11-28T15:17:11.708Z"}
{"level":"info","message":"Room created: 00RR8VCL15AU12OHYFB8","timestamp":"2024-11-28T15:40:21.056Z"}
{"level":"info","message":"User 32132131132131 left room 00RR8VCL15AU12OHYFB8","timestamp":"2024-11-28T15:50:31.736Z"}
{"level":"info","message":"Room created: RDLPLO3J9O3MQEZBAVK5","timestamp":"2024-11-28T15:50:36.376Z"}
{"level":"info","message":"Room created: OYGIBPJK98A9ZKKCE0WU","timestamp":"2024-11-28T16:01:53.051Z"}
{"level":"info","message":"Room created: WYHOE5MEW4UZQRMQQK05","timestamp":"2024-11-28T16:01:58.190Z"}
{"level":"info","message":"User temp-check joined room WYHOE5MEW4UZQRMQQK05","timestamp":"2024-11-28T16:02:04.455Z"}
{"level":"info","message":"Room created: K0S71Y8MSKT8ET2CS2EX","timestamp":"2024-11-28T16:48:25.350Z"}
{"level":"info","message":"User 32132131 joined room K0S71Y8MSKT8ET2CS2EX","timestamp":"2024-11-28T16:50:07.343Z"}
{"level":"info","message":"User 321 joined room K0S71Y8MSKT8ET2CS2EX","timestamp":"2024-11-28T16:52:28.553Z"}
{"level":"info","message":"Room created: XO5J5FCLQ6S210WWYSZZ","timestamp":"2024-11-28T17:00:31.515Z"}
{"level":"info","message":"User da joined room XO5J5FCLQ6S210WWYSZZ","timestamp":"2024-11-28T17:12:38.069Z"}
{"level":"info","message":"User da left room XO5J5FCLQ6S210WWYSZZ","timestamp":"2024-11-28T17:25:09.734Z"}
{"level":"info","message":"User kdsakdjksajkdsakjdakjjkasa joined room XO5J5FCLQ6S210WWYSZZ","timestamp":"2024-11-28T17:27:50.267Z"}
{"level":"info","message":"User kdsakdjksajkdsakjdakjjkasa left room XO5J5FCLQ6S210WWYSZZ","timestamp":"2024-11-28T17:30:31.175Z"}
{"level":"info","message":"User ff joined room XO5J5FCLQ6S210WWYSZZ","timestamp":"2024-11-28T17:30:40.069Z"}
{"level":"info","message":"User ff left room XO5J5FCLQ6S210WWYSZZ","timestamp":"2024-11-28T17:30:44.070Z"}
{"level":"info","message":"User ff joined room XO5J5FCLQ6S210WWYSZZ","timestamp":"2024-11-28T17:30:57.280Z"}
{"level":"info","message":"Room created: DXVGEN8HGWRZ8FX17QCI","timestamp":"2024-11-28T17:32:08.897Z"}
{"level":"info","message":"User ff left room DXVGEN8HGWRZ8FX17QCI","timestamp":"2024-11-28T17:33:47.966Z"}
{"level":"info","message":"User ff joined room DXVGEN8HGWRZ8FX17QCI","timestamp":"2024-11-28T17:34:06.927Z"}
{"level":"info","message":"User ffs joined room DXVGEN8HGWRZ8FX17QCI","timestamp":"2024-11-28T17:34:16.716Z"}
{"level":"info","message":"User ff left room DXVGEN8HGWRZ8FX17QCI","timestamp":"2024-11-28T17:35:24.668Z"}
{"level":"info","message":"Room created: T0F4GY2Y81ZT58B7IULA","timestamp":"2024-11-28T17:36:56.477Z"}
{"level":"info","message":"Room created: HTMNRM6ZSPPO8FM1NWL3","timestamp":"2024-11-28T17:38:04.218Z"}
{"level":"info","message":"Room created: 0IOS2GIASEJIHAGD06LS","timestamp":"2024-11-28T17:39:06.749Z"}
{"level":"error","message":"Error joining room: Cannot read properties of undefined (reading 'includes')","stack":"TypeError: Cannot read properties of undefined (reading 'includes')\n    at exports.joinRoom (/Users/fatih/Documents/Projeler/k9crypt-api/controllers/roomController.js:112:23)\n    at process.processTicksAndRejections (node:internal/process/task_queues:95:5)","timestamp":"2024-11-28T17:39:11.650Z"}
{"level":"info","message":"Room created: N68TWIQG2QYQXA9CEJOA","timestamp":"2024-11-28T17:39:55.173Z"}
{"level":"info","message":"Room created: P8XV2RVQWZ7EURV5DPYS","timestamp":"2024-11-28T17:41:22.164Z"}
{"level":"info","message":"Room created: K2RZ3F3R0KIIAEKIBMF9","timestamp":"2024-11-28T17:43:17.077Z"}
{"level":"info","message":"User ffs joined room K2RZ3F3R0KIIAEKIBMF9","timestamp":"2024-11-28T17:44:54.971Z"}
{"level":"info","message":"User 123ff joined room K2RZ3F3R0KIIAEKIBMF9","timestamp":"2024-11-28T17:45:16.836Z"}
{"level":"info","message":"User LAAAA joined room K2RZ3F3R0KIIAEKIBMF9","timestamp":"2024-11-28T17:45:59.738Z"}
{"code":"ETIMEDOUT","errno":-60,"level":"error","message":"Error listing rooms: read ETIMEDOUT","stack":"Error: read ETIMEDOUT\n    at TCP.onStreamRead (node:internal/stream_base_commons:218:20)","syscall":"read","timestamp":"2024-12-01T12:18:13.243Z"}
{"level":"info","message":"Room created: X23SDZJZIWEBMU7O7LSK","timestamp":"2024-12-04T12:17:44.198Z"}
